<?xml version="1.0" encoding="UTF-8"?>
<robot generator="Robot 3.0.2 (Python 3.6.4 on win32)" generated="20180303 03:01:48.187">
<suite id="s1" name="Front Office" source="C:\_localrepo\IntelliJProjects\Robot\tests\Front_Office.robot">
<test id="s1-t1" name="Should be able to access &quot;Team&quot; page">
<kw name="Begin Web Test" library="CommonWeb" type="setup">
<kw name="Open Browser" library="SeleniumLibrary">
<doc>Opens a new browser instance to the given ``url``.</doc>
<arguments>
<arg>about:blank</arg>
<arg>${BROWSER}</arg>
</arguments>
<msg timestamp="20180303 03:01:48.400" level="INFO">Opening browser 'ie' to base url 'about:blank'.</msg>
<kw name="Capture Page Screenshot" library="SeleniumLibrary">
<doc>Takes screenshot of the current page and embeds it into log file.</doc>
<msg timestamp="20180303 03:01:51.829" level="INFO">Cannot capture screenshot because no browser is open.</msg>
<status status="PASS" starttime="20180303 03:01:51.829" endtime="20180303 03:01:51.830"></status>
</kw>
<msg timestamp="20180303 03:01:51.833" level="FAIL">SessionNotCreatedException: Message: Unexpected error launching Internet Explorer. IELaunchURL() returned HRESULT 800700C1 ('%1 is not a valid Win32 application.') for URL 'http://localhost:54189/'
</msg>
<status status="FAIL" starttime="20180303 03:01:48.399" endtime="20180303 03:01:51.833"></status>
</kw>
<status status="FAIL" starttime="20180303 03:01:48.398" endtime="20180303 03:01:51.833"></status>
</kw>
<kw name="End Web Test" library="CommonWeb" type="teardown">
<kw name="Close Browser" library="SeleniumLibrary">
<doc>Closes the current browser.</doc>
<status status="PASS" starttime="20180303 03:01:51.837" endtime="20180303 03:01:51.837"></status>
</kw>
<status status="PASS" starttime="20180303 03:01:51.836" endtime="20180303 03:01:51.837"></status>
</kw>
<doc>This is Test Case 1</doc>
<tags>
<tag>Test 1</tag>
</tags>
<status status="FAIL" starttime="20180303 03:01:48.397" endtime="20180303 03:01:51.838" critical="yes">Setup failed:
SessionNotCreatedException: Message: Unexpected error launching Internet Explorer. IELaunchURL() returned HRESULT 800700C1 ('%1 is not a valid Win32 application.') for URL 'http://localhost:54189/'
</status>
</test>
<test id="s1-t2" name="&quot;Team&quot; page should match requirements">
<kw name="Begin Web Test" library="CommonWeb" type="setup">
<kw name="Open Browser" library="SeleniumLibrary">
<doc>Opens a new browser instance to the given ``url``.</doc>
<arguments>
<arg>about:blank</arg>
<arg>${BROWSER}</arg>
</arguments>
<msg timestamp="20180303 03:01:54.848" level="INFO">Opening browser 'ie' to base url 'about:blank'.</msg>
<kw name="Capture Page Screenshot" library="SeleniumLibrary">
<doc>Takes screenshot of the current page and embeds it into log file.</doc>
<msg timestamp="20180303 03:01:58.259" level="INFO">Cannot capture screenshot because no browser is open.</msg>
<status status="PASS" starttime="20180303 03:01:58.259" endtime="20180303 03:01:58.260"></status>
</kw>
<msg timestamp="20180303 03:01:58.261" level="FAIL">SessionNotCreatedException: Message: Unexpected error launching Internet Explorer. IELaunchURL() returned HRESULT 800700C1 ('%1 is not a valid Win32 application.') for URL 'http://localhost:54209/'
</msg>
<status status="FAIL" starttime="20180303 03:01:54.847" endtime="20180303 03:01:58.261"></status>
</kw>
<status status="FAIL" starttime="20180303 03:01:54.847" endtime="20180303 03:01:58.261"></status>
</kw>
<kw name="End Web Test" library="CommonWeb" type="teardown">
<kw name="Close Browser" library="SeleniumLibrary">
<doc>Closes the current browser.</doc>
<status status="PASS" starttime="20180303 03:01:58.262" endtime="20180303 03:01:58.262"></status>
</kw>
<status status="PASS" starttime="20180303 03:01:58.262" endtime="20180303 03:01:58.262"></status>
</kw>
<doc>This is Test Case 2</doc>
<tags>
<tag>Test 2</tag>
</tags>
<status status="FAIL" starttime="20180303 03:01:51.840" endtime="20180303 03:01:58.263" critical="yes">Setup failed:
SessionNotCreatedException: Message: Unexpected error launching Internet Explorer. IELaunchURL() returned HRESULT 800700C1 ('%1 is not a valid Win32 application.') for URL 'http://localhost:54209/'
</status>
</test>
<doc>Talk about the test suite</doc>
<status status="FAIL" starttime="20180303 03:01:48.191" endtime="20180303 03:01:58.268"></status>
</suite>
<statistics>
<total>
<stat pass="0" fail="2">Critical Tests</stat>
<stat pass="0" fail="2">All Tests</stat>
</total>
<tag>
<stat pass="0" fail="1">Test 1</stat>
<stat pass="0" fail="1">Test 2</stat>
</tag>
<suite>
<stat pass="0" fail="2" id="s1" name="Front Office">Front Office</stat>
</suite>
</statistics>
<errors>
</errors>
</robot>
